This file contains any messages produced by compilers while
running configure, to aid debugging if configure makes a mistake.

It was created by ncdu configure 1.13, which was
generated by GNU Autoconf 2.69.  Invocation command line was

  $ ./configure --build=x86_64-linux-gnu --prefix=/usr --includedir=${prefix}/include --mandir=${prefix}/share/man --infodir=${prefix}/share/info --sysconfdir=/etc --localstatedir=/var --disable-silent-rules --libdir=${prefix}/lib/x86_64-linux-gnu --libexecdir=${prefix}/lib/x86_64-linux-gnu --disable-maintainer-mode --disable-dependency-tracking

## --------- ##
## Platform. ##
## --------- ##

hostname = server
uname -m = x86_64
uname -r = 4.18.0-2-amd64
uname -s = Linux
uname -v = #1 SMP Debian 4.18.10-2 (2018-11-02)

/usr/bin/uname -p = unknown
/bin/uname -X     = unknown

/bin/arch              = unknown
/usr/bin/arch -k       = unknown
/usr/convex/getsysinfo = unknown
/usr/bin/hostinfo      = unknown
/bin/machine           = unknown
/usr/bin/oslevel       = unknown
/bin/universe          = unknown

PATH: /opt/intel/advisor/bin64
PATH: /opt/intel/vtune_amplifier/bin64
PATH: /opt/intel/inspector/bin64
PATH: /opt/intel/compilers_and_libraries/linux/pkg_bin/intel64
PATH: /opt/intel/compilers_and_libraries/linux/debugger/gdb/intel64/bin
PATH: /usr/sbin
PATH: /usr/bin
PATH: /sbin
PATH: /bin
PATH: /usr/bin/X11


## ----------- ##
## Core tests. ##
## ----------- ##

configure:2412: checking for a BSD-compatible install
configure:2480: result: /usr/bin/install -c
configure:2491: checking whether build environment is sane
configure:2546: result: yes
configure:2697: checking for a thread-safe mkdir -p
configure:2736: result: /bin/mkdir -p
configure:2743: checking for gawk
configure:2773: result: no
configure:2743: checking for mawk
configure:2759: found /usr/bin/mawk
configure:2770: result: mawk
configure:2781: checking whether make sets $(MAKE)
configure:2803: result: yes
configure:2832: checking whether make supports nested variables
configure:2849: result: yes
configure:3025: checking for gcc
configure:3052: result: icc
configure:3281: checking for C compiler version
configure:3290: icc --version >&5
icc (ICC) 19.0.1.144 20181018
Copyright (C) 1985-2018 Intel Corporation.  All rights reserved.

configure:3301: $? = 0
configure:3290: icc -v >&5
Memory region         Used Size  Region Size  %age Used
icc version 19.0.1.144 (gcc version 8.2.0 compatibility)
icc: warning #10013: no objects specified for multi-file optimization
ld    /usr/lib/gcc/x86_64-linux-gnu/8/../../../x86_64-linux-gnu/Scrt1.o /usr/lib/gcc/x86_64-linux-gnu/8/../../../x86_64-linux-gnu/crti.o /usr/lib/gcc/x86_64-linux-gnu/8/crtbeginS.o --eh-frame-hdr --build-id -dynamic-linker /lib64/ld-linux-x86-64.so.2 -m elf_x86_64 -o a.out -L/opt/intel/tbb/lib/intel64/gcc4.7 -L/opt/intel/compilers_and_libraries_2019.1.144/linux/compiler/lib/intel64_lin -L/usr/lib/gcc/x86_64-linux-gnu/8/ -L/usr/lib/gcc/x86_64-linux-gnu/8/../../../x86_64-linux-gnu/ -L/usr/lib/gcc/x86_64-linux-gnu/8/../../../../lib/ -L/lib/x86_64-linux-gnu/ -L/lib/../lib64 -L/lib/../lib/ -L/usr/lib/x86_64-linux-gnu/ -L/usr/lib/../lib/ -L/opt/intel/tbb/lib/intel64/gcc4.7/ -L/usr/lib/gcc/x86_64-linux-gnu/8/../../../ -L/lib64 -L/lib/ -L/usr/lib --as-needed --gc-sections --print-gc-sections --print-memory-usage --relax --stats -Bdynamic -Bstatic -limf -lsvml -lirng -lmatmul -Bdynamic -lm -Bstatic -lipgo -ldecimal -Bdynamic -liomp5 --as-needed -lcilkrts -lstdc++ --no-as-needed -lgcc -lgcc_s -Bstatic -lirc -Bdynamic -lpthread -Bstatic -lsvml -Bdynamic -lc -lgcc -lgcc_s -Bstatic -lirc_s -Bdynamic -ldl -lc /usr/lib/gcc/x86_64-linux-gnu/8/crtendS.o /usr/lib/gcc/x86_64-linux-gnu/8/../../../x86_64-linux-gnu/crtn.o
ld: removing unused section '.rodata.cst4' in file '/usr/lib/gcc/x86_64-linux-gnu/8/../../../x86_64-linux-gnu/Scrt1.o'
ld: removing unused section '.data' in file '/usr/lib/gcc/x86_64-linux-gnu/8/../../../x86_64-linux-gnu/Scrt1.o'
ld: /usr/lib/gcc/x86_64-linux-gnu/8/../../../x86_64-linux-gnu/Scrt1.o: in function `_start':
(.text+0x20): undefined reference to `main'
configure:3301: $? = 1
configure:3290: icc -V >&5
GNU ld (GNU Binutils for Debian) 2.31.1
Memory region         Used Size  Region Size  %age Used
Intel(R) C Intel(R) 64 Compiler for applications running on Intel(R) 64, Version 19.0.1.144 Build 20181018
Copyright (C) 1985-2018 Intel Corporation.  All rights reserved.

icc: warning #10013: no objects specified for multi-file optimization
ld: removing unused section '.rodata.cst4' in file '/usr/lib/gcc/x86_64-linux-gnu/8/../../../x86_64-linux-gnu/Scrt1.o'
ld: removing unused section '.data' in file '/usr/lib/gcc/x86_64-linux-gnu/8/../../../x86_64-linux-gnu/Scrt1.o'
ld: /usr/lib/gcc/x86_64-linux-gnu/8/../../../x86_64-linux-gnu/Scrt1.o: in function `_start':
(.text+0x20): undefined reference to `main'
configure:3301: $? = 1
configure:3290: icc -qversion >&5
Memory region         Used Size  Region Size  %age Used
icc: warning #10013: no objects specified for multi-file optimization
ld: removing unused section '.rodata.cst4' in file '/usr/lib/gcc/x86_64-linux-gnu/8/../../../x86_64-linux-gnu/Scrt1.o'
ld: removing unused section '.data' in file '/usr/lib/gcc/x86_64-linux-gnu/8/../../../x86_64-linux-gnu/Scrt1.o'
ld: /usr/lib/gcc/x86_64-linux-gnu/8/../../../x86_64-linux-gnu/Scrt1.o: in function `_start':
(.text+0x20): undefined reference to `main'
configure:3301: $? = 1
configure:3321: checking whether the C compiler works
configure:3343: icc -g -O2 -fdebug-prefix-map=/home/richard/debs/NONGIT/ncdu/check/ncdu-1.13=. -fstack-protector-strong -Wformat -Werror=format-security -march=native -pipe -Wdate-time -D_FORTIFY_SOURCE=2 -Wl,-z,relro -Wl,--as-needed,--gc-sections,--print-gc-sections,--print-memory-usage,--stats conftest.c  >&5
ld: removing unused section '.rodata.cst4' in file '/usr/lib/gcc/x86_64-linux-gnu/8/../../../x86_64-linux-gnu/Scrt1.o'
ld: removing unused section '.data' in file '/usr/lib/gcc/x86_64-linux-gnu/8/../../../x86_64-linux-gnu/Scrt1.o'
Memory region         Used Size  Region Size  %age Used
ld: total time in link: 0.127665
configure:3347: $? = 0
configure:3395: result: yes
configure:3398: checking for C compiler default output file name
configure:3400: result: a.out
configure:3406: checking for suffix of executables
configure:3413: icc -o conftest -g -O2 -fdebug-prefix-map=/home/richard/debs/NONGIT/ncdu/check/ncdu-1.13=. -fstack-protector-strong -Wformat -Werror=format-security -march=native -pipe -Wdate-time -D_FORTIFY_SOURCE=2 -Wl,-z,relro -Wl,--as-needed,--gc-sections,--print-gc-sections,--print-memory-usage,--stats conftest.c  >&5
ld: removing unused section '.rodata.cst4' in file '/usr/lib/gcc/x86_64-linux-gnu/8/../../../x86_64-linux-gnu/Scrt1.o'
ld: removing unused section '.data' in file '/usr/lib/gcc/x86_64-linux-gnu/8/../../../x86_64-linux-gnu/Scrt1.o'
Memory region         Used Size  Region Size  %age Used
ld: total time in link: 0.127193
configure:3417: $? = 0
configure:3439: result: 
configure:3461: checking whether we are cross compiling
configure:3469: icc -o conftest -g -O2 -fdebug-prefix-map=/home/richard/debs/NONGIT/ncdu/check/ncdu-1.13=. -fstack-protector-strong -Wformat -Werror=format-security -march=native -pipe -Wdate-time -D_FORTIFY_SOURCE=2 -Wl,-z,relro -Wl,--as-needed,--gc-sections,--print-gc-sections,--print-memory-usage,--stats conftest.c  >&5
ld: removing unused section '.rodata.cst4' in file '/usr/lib/gcc/x86_64-linux-gnu/8/../../../x86_64-linux-gnu/Scrt1.o'
ld: removing unused section '.data' in file '/usr/lib/gcc/x86_64-linux-gnu/8/../../../x86_64-linux-gnu/Scrt1.o'
Memory region         Used Size  Region Size  %age Used
ld: total time in link: 0.127298
configure:3473: $? = 0
configure:3480: ./conftest
configure:3484: $? = 0
configure:3499: result: no
configure:3504: checking for suffix of object files
configure:3526: icc -c -g -O2 -fdebug-prefix-map=/home/richard/debs/NONGIT/ncdu/check/ncdu-1.13=. -fstack-protector-strong -Wformat -Werror=format-security -march=native -pipe -Wdate-time -D_FORTIFY_SOURCE=2 conftest.c >&5
configure:3530: $? = 0
configure:3551: result: o
configure:3555: checking whether we are using the GNU C compiler
configure:3574: icc -c -g -O2 -fdebug-prefix-map=/home/richard/debs/NONGIT/ncdu/check/ncdu-1.13=. -fstack-protector-strong -Wformat -Werror=format-security -march=native -pipe -Wdate-time -D_FORTIFY_SOURCE=2 conftest.c >&5
configure:3574: $? = 0
configure:3583: result: yes
configure:3592: checking whether icc accepts -g
configure:3612: icc -c -g -Wdate-time -D_FORTIFY_SOURCE=2 conftest.c >&5
configure:3612: $? = 0
configure:3653: result: yes
configure:3670: checking for icc option to accept ISO C89
configure:3733: icc  -c -g -O2 -fdebug-prefix-map=/home/richard/debs/NONGIT/ncdu/check/ncdu-1.13=. -fstack-protector-strong -Wformat -Werror=format-security -march=native -pipe -Wdate-time -D_FORTIFY_SOURCE=2 conftest.c >&5
configure:3733: $? = 0
configure:3746: result: none needed
configure:3771: checking whether icc understands -c and -o together
configure:3793: icc -c conftest.c -o conftest2.o
configure:3796: $? = 0
configure:3793: icc -c conftest.c -o conftest2.o
configure:3796: $? = 0
configure:3808: result: yes
configure:3836: checking for style of include used by make
configure:3864: result: GNU
configure:3890: checking dependency style of icc
configure:4001: result: none
configure:4060: checking for ranlib
configure:4076: found /usr/bin/ranlib
configure:4087: result: ranlib
configure:4163: checking for pkg-config
configure:4181: found /usr/bin/pkg-config
configure:4193: result: /usr/bin/pkg-config
configure:4218: checking pkg-config is at least version 0.9.0
configure:4221: result: yes
configure:4237: checking how to run the C preprocessor
configure:4268: icc -E -Wdate-time -D_FORTIFY_SOURCE=2 conftest.c
configure:4268: $? = 0
configure:4282: icc -E -Wdate-time -D_FORTIFY_SOURCE=2 conftest.c
conftest.c(11): error #2379: cannot open source file "ac_nonexistent.h"
  #include <ac_nonexistent.h>
                             ^

configure:4282: $? = 2
configure: failed program was:
| /* confdefs.h */
| #define PACKAGE_NAME "ncdu"
| #define PACKAGE_TARNAME "ncdu"
| #define PACKAGE_VERSION "1.13"
| #define PACKAGE_STRING "ncdu 1.13"
| #define PACKAGE_BUGREPORT "projects@yorhel.nl"
| #define PACKAGE_URL ""
| #define PACKAGE "ncdu"
| #define VERSION "1.13"
| /* end confdefs.h.  */
| #include <ac_nonexistent.h>
configure:4307: result: icc -E
configure:4327: icc -E -Wdate-time -D_FORTIFY_SOURCE=2 conftest.c
configure:4327: $? = 0
configure:4341: icc -E -Wdate-time -D_FORTIFY_SOURCE=2 conftest.c
conftest.c(11): error #2379: cannot open source file "ac_nonexistent.h"
  #include <ac_nonexistent.h>
                             ^

configure:4341: $? = 2
configure: failed program was:
| /* confdefs.h */
| #define PACKAGE_NAME "ncdu"
| #define PACKAGE_TARNAME "ncdu"
| #define PACKAGE_VERSION "1.13"
| #define PACKAGE_STRING "ncdu 1.13"
| #define PACKAGE_BUGREPORT "projects@yorhel.nl"
| #define PACKAGE_URL ""
| #define PACKAGE "ncdu"
| #define VERSION "1.13"
| /* end confdefs.h.  */
| #include <ac_nonexistent.h>
configure:4370: checking for grep that handles long lines and -e
configure:4428: result: /bin/grep
configure:4433: checking for egrep
configure:4495: result: /bin/grep -E
configure:4500: checking for ANSI C header files
configure:4520: icc -c -g -O2 -fdebug-prefix-map=/home/richard/debs/NONGIT/ncdu/check/ncdu-1.13=. -fstack-protector-strong -Wformat -Werror=format-security -march=native -pipe -Wdate-time -D_FORTIFY_SOURCE=2 conftest.c >&5
configure:4520: $? = 0
configure:4593: icc -o conftest -g -O2 -fdebug-prefix-map=/home/richard/debs/NONGIT/ncdu/check/ncdu-1.13=. -fstack-protector-strong -Wformat -Werror=format-security -march=native -pipe -Wdate-time -D_FORTIFY_SOURCE=2 -Wl,-z,relro -Wl,--as-needed,--gc-sections,--print-gc-sections,--print-memory-usage,--stats conftest.c  >&5
ld: removing unused section '.rodata.cst4' in file '/usr/lib/gcc/x86_64-linux-gnu/8/../../../x86_64-linux-gnu/Scrt1.o'
ld: removing unused section '.data' in file '/usr/lib/gcc/x86_64-linux-gnu/8/../../../x86_64-linux-gnu/Scrt1.o'
Memory region         Used Size  Region Size  %age Used
ld: total time in link: 0.126733
configure:4593: $? = 0
configure:4593: ./conftest
configure:4593: $? = 0
configure:4604: result: yes
configure:4617: checking for sys/types.h
configure:4617: icc -c -g -O2 -fdebug-prefix-map=/home/richard/debs/NONGIT/ncdu/check/ncdu-1.13=. -fstack-protector-strong -Wformat -Werror=format-security -march=native -pipe -Wdate-time -D_FORTIFY_SOURCE=2 conftest.c >&5
configure:4617: $? = 0
configure:4617: result: yes
configure:4617: checking for sys/stat.h
configure:4617: icc -c -g -O2 -fdebug-prefix-map=/home/richard/debs/NONGIT/ncdu/check/ncdu-1.13=. -fstack-protector-strong -Wformat -Werror=format-security -march=native -pipe -Wdate-time -D_FORTIFY_SOURCE=2 conftest.c >&5
configure:4617: $? = 0
configure:4617: result: yes
configure:4617: checking for stdlib.h
configure:4617: icc -c -g -O2 -fdebug-prefix-map=/home/richard/debs/NONGIT/ncdu/check/ncdu-1.13=. -fstack-protector-strong -Wformat -Werror=format-security -march=native -pipe -Wdate-time -D_FORTIFY_SOURCE=2 conftest.c >&5
configure:4617: $? = 0
configure:4617: result: yes
configure:4617: checking for string.h
configure:4617: icc -c -g -O2 -fdebug-prefix-map=/home/richard/debs/NONGIT/ncdu/check/ncdu-1.13=. -fstack-protector-strong -Wformat -Werror=format-security -march=native -pipe -Wdate-time -D_FORTIFY_SOURCE=2 conftest.c >&5
configure:4617: $? = 0
configure:4617: result: yes
configure:4617: checking for memory.h
configure:4617: icc -c -g -O2 -fdebug-prefix-map=/home/richard/debs/NONGIT/ncdu/check/ncdu-1.13=. -fstack-protector-strong -Wformat -Werror=format-security -march=native -pipe -Wdate-time -D_FORTIFY_SOURCE=2 conftest.c >&5
configure:4617: $? = 0
configure:4617: result: yes
configure:4617: checking for strings.h
configure:4617: icc -c -g -O2 -fdebug-prefix-map=/home/richard/debs/NONGIT/ncdu/check/ncdu-1.13=. -fstack-protector-strong -Wformat -Werror=format-security -march=native -pipe -Wdate-time -D_FORTIFY_SOURCE=2 conftest.c >&5
configure:4617: $? = 0
configure:4617: result: yes
configure:4617: checking for inttypes.h
configure:4617: icc -c -g -O2 -fdebug-prefix-map=/home/richard/debs/NONGIT/ncdu/check/ncdu-1.13=. -fstack-protector-strong -Wformat -Werror=format-security -march=native -pipe -Wdate-time -D_FORTIFY_SOURCE=2 conftest.c >&5
configure:4617: $? = 0
configure:4617: result: yes
configure:4617: checking for stdint.h
configure:4617: icc -c -g -O2 -fdebug-prefix-map=/home/richard/debs/NONGIT/ncdu/check/ncdu-1.13=. -fstack-protector-strong -Wformat -Werror=format-security -march=native -pipe -Wdate-time -D_FORTIFY_SOURCE=2 conftest.c >&5
configure:4617: $? = 0
configure:4617: result: yes
configure:4617: checking for unistd.h
configure:4617: icc -c -g -O2 -fdebug-prefix-map=/home/richard/debs/NONGIT/ncdu/check/ncdu-1.13=. -fstack-protector-strong -Wformat -Werror=format-security -march=native -pipe -Wdate-time -D_FORTIFY_SOURCE=2 conftest.c >&5
configure:4617: $? = 0
configure:4617: result: yes
configure:4632: checking limits.h usability
configure:4632: icc -c -g -O2 -fdebug-prefix-map=/home/richard/debs/NONGIT/ncdu/check/ncdu-1.13=. -fstack-protector-strong -Wformat -Werror=format-security -march=native -pipe -Wdate-time -D_FORTIFY_SOURCE=2 conftest.c >&5
configure:4632: $? = 0
configure:4632: result: yes
configure:4632: checking limits.h presence
configure:4632: icc -E -Wdate-time -D_FORTIFY_SOURCE=2 conftest.c
configure:4632: $? = 0
configure:4632: result: yes
configure:4632: checking for limits.h
configure:4632: result: yes
configure:4632: checking sys/time.h usability
configure:4632: icc -c -g -O2 -fdebug-prefix-map=/home/richard/debs/NONGIT/ncdu/check/ncdu-1.13=. -fstack-protector-strong -Wformat -Werror=format-security -march=native -pipe -Wdate-time -D_FORTIFY_SOURCE=2 conftest.c >&5
configure:4632: $? = 0
configure:4632: result: yes
configure:4632: checking sys/time.h presence
configure:4632: icc -E -Wdate-time -D_FORTIFY_SOURCE=2 conftest.c
configure:4632: $? = 0
configure:4632: result: yes
configure:4632: checking for sys/time.h
configure:4632: result: yes
configure:4632: checking for sys/types.h
configure:4632: result: yes
configure:4632: checking for sys/stat.h
configure:4632: result: yes
configure:4632: checking dirent.h usability
configure:4632: icc -c -g -O2 -fdebug-prefix-map=/home/richard/debs/NONGIT/ncdu/check/ncdu-1.13=. -fstack-protector-strong -Wformat -Werror=format-security -march=native -pipe -Wdate-time -D_FORTIFY_SOURCE=2 conftest.c >&5
configure:4632: $? = 0
configure:4632: result: yes
configure:4632: checking dirent.h presence
configure:4632: icc -E -Wdate-time -D_FORTIFY_SOURCE=2 conftest.c
configure:4632: $? = 0
configure:4632: result: yes
configure:4632: checking for dirent.h
configure:4632: result: yes
configure:4632: checking for unistd.h
configure:4632: result: yes
configure:4632: checking fnmatch.h usability
configure:4632: icc -c -g -O2 -fdebug-prefix-map=/home/richard/debs/NONGIT/ncdu/check/ncdu-1.13=. -fstack-protector-strong -Wformat -Werror=format-security -march=native -pipe -Wdate-time -D_FORTIFY_SOURCE=2 conftest.c >&5
configure:4632: $? = 0
configure:4632: result: yes
configure:4632: checking fnmatch.h presence
configure:4632: icc -E -Wdate-time -D_FORTIFY_SOURCE=2 conftest.c
configure:4632: $? = 0
configure:4632: result: yes
configure:4632: checking for fnmatch.h
configure:4632: result: yes
configure:4632: checking ncurses.h usability
configure:4632: icc -c -g -O2 -fdebug-prefix-map=/home/richard/debs/NONGIT/ncdu/check/ncdu-1.13=. -fstack-protector-strong -Wformat -Werror=format-security -march=native -pipe -Wdate-time -D_FORTIFY_SOURCE=2 conftest.c >&5
configure:4632: $? = 0
configure:4632: result: yes
configure:4632: checking ncurses.h presence
configure:4632: icc -E -Wdate-time -D_FORTIFY_SOURCE=2 conftest.c
configure:4632: $? = 0
configure:4632: result: yes
configure:4632: checking for ncurses.h
configure:4632: result: yes
configure:4647: checking locale.h usability
configure:4647: icc -c -g -O2 -fdebug-prefix-map=/home/richard/debs/NONGIT/ncdu/check/ncdu-1.13=. -fstack-protector-strong -Wformat -Werror=format-security -march=native -pipe -Wdate-time -D_FORTIFY_SOURCE=2 conftest.c >&5
configure:4647: $? = 0
configure:4647: result: yes
configure:4647: checking locale.h presence
configure:4647: icc -E -Wdate-time -D_FORTIFY_SOURCE=2 conftest.c
configure:4647: $? = 0
configure:4647: result: yes
configure:4647: checking for locale.h
configure:4647: result: yes
configure:4659: checking for int64_t
configure:4659: icc -c -g -O2 -fdebug-prefix-map=/home/richard/debs/NONGIT/ncdu/check/ncdu-1.13=. -fstack-protector-strong -Wformat -Werror=format-security -march=native -pipe -Wdate-time -D_FORTIFY_SOURCE=2 conftest.c >&5
configure:4659: $? = 0
configure:4659: icc -c -g -O2 -fdebug-prefix-map=/home/richard/debs/NONGIT/ncdu/check/ncdu-1.13=. -fstack-protector-strong -Wformat -Werror=format-security -march=native -pipe -Wdate-time -D_FORTIFY_SOURCE=2 conftest.c >&5
conftest.c(68): warning #61: integer operation result is out of range
  		 < (int64_t) (((((int64_t) 1 << N) << N) - 1) * 2 + 2))];
  		                                                  ^

conftest.c(67): error: the size of an array must be greater than zero
  static int test_array [1 - 2 * !((int64_t) (((((int64_t) 1 << N) << N) - 1) * 2 + 1)
                         ^

compilation aborted for conftest.c (code 2)
configure:4659: $? = 2
configure: failed program was:
| /* confdefs.h */
| #define PACKAGE_NAME "ncdu"
| #define PACKAGE_TARNAME "ncdu"
| #define PACKAGE_VERSION "1.13"
| #define PACKAGE_STRING "ncdu 1.13"
| #define PACKAGE_BUGREPORT "projects@yorhel.nl"
| #define PACKAGE_URL ""
| #define PACKAGE "ncdu"
| #define VERSION "1.13"
| #define STDC_HEADERS 1
| #define HAVE_SYS_TYPES_H 1
| #define HAVE_SYS_STAT_H 1
| #define HAVE_STDLIB_H 1
| #define HAVE_STRING_H 1
| #define HAVE_MEMORY_H 1
| #define HAVE_STRINGS_H 1
| #define HAVE_INTTYPES_H 1
| #define HAVE_STDINT_H 1
| #define HAVE_UNISTD_H 1
| #define HAVE_LIMITS_H 1
| #define HAVE_SYS_TIME_H 1
| #define HAVE_SYS_TYPES_H 1
| #define HAVE_SYS_STAT_H 1
| #define HAVE_DIRENT_H 1
| #define HAVE_UNISTD_H 1
| #define HAVE_FNMATCH_H 1
| #define HAVE_NCURSES_H 1
| #define HAVE_LOCALE_H 1
| /* end confdefs.h.  */
| #include <stdio.h>
| #ifdef HAVE_SYS_TYPES_H
| # include <sys/types.h>
| #endif
| #ifdef HAVE_SYS_STAT_H
| # include <sys/stat.h>
| #endif
| #ifdef STDC_HEADERS
| # include <stdlib.h>
| # include <stddef.h>
| #else
| # ifdef HAVE_STDLIB_H
| #  include <stdlib.h>
| # endif
| #endif
| #ifdef HAVE_STRING_H
| # if !defined STDC_HEADERS && defined HAVE_MEMORY_H
| #  include <memory.h>
| # endif
| # include <string.h>
| #endif
| #ifdef HAVE_STRINGS_H
| # include <strings.h>
| #endif
| #ifdef HAVE_INTTYPES_H
| # include <inttypes.h>
| #endif
| #ifdef HAVE_STDINT_H
| # include <stdint.h>
| #endif
| #ifdef HAVE_UNISTD_H
| # include <unistd.h>
| #endif
| 	        enum { N = 64 / 2 - 1 };
| int
| main ()
| {
| static int test_array [1 - 2 * !((int64_t) (((((int64_t) 1 << N) << N) - 1) * 2 + 1)
| 		 < (int64_t) (((((int64_t) 1 << N) << N) - 1) * 2 + 2))];
| test_array [0] = 0;
| return test_array [0];
| 
|   ;
|   return 0;
| }
configure:4659: result: yes
configure:4670: checking for uint64_t
configure:4670: icc -c -g -O2 -fdebug-prefix-map=/home/richard/debs/NONGIT/ncdu/check/ncdu-1.13=. -fstack-protector-strong -Wformat -Werror=format-security -march=native -pipe -Wdate-time -D_FORTIFY_SOURCE=2 conftest.c >&5
configure:4670: $? = 0
configure:4670: result: yes
configure:4691: checking for special C compiler options needed for large files
configure:4736: result: no
configure:4742: checking for _FILE_OFFSET_BITS value needed for large files
configure:4767: icc -c -g -O2 -fdebug-prefix-map=/home/richard/debs/NONGIT/ncdu/check/ncdu-1.13=. -fstack-protector-strong -Wformat -Werror=format-security -march=native -pipe -Wdate-time -D_FORTIFY_SOURCE=2 conftest.c >&5
configure:4767: $? = 0
configure:4799: result: no
configure:4884: checking for struct stat.st_blocks
configure:4884: icc -c -g -O2 -fdebug-prefix-map=/home/richard/debs/NONGIT/ncdu/check/ncdu-1.13=. -fstack-protector-strong -Wformat -Werror=format-security -march=native -pipe -Wdate-time -D_FORTIFY_SOURCE=2 conftest.c >&5
configure:4884: $? = 0
configure:4884: result: yes
configure:4909: checking for getcwd
configure:4909: icc -o conftest -g -O2 -fdebug-prefix-map=/home/richard/debs/NONGIT/ncdu/check/ncdu-1.13=. -fstack-protector-strong -Wformat -Werror=format-security -march=native -pipe -Wdate-time -D_FORTIFY_SOURCE=2 -Wl,-z,relro -Wl,--as-needed,--gc-sections,--print-gc-sections,--print-memory-usage,--stats conftest.c  >&5
Memory region         Used Size  Region Size  %age Used
ld: removing unused section '.rodata.cst4' in file '/usr/lib/gcc/x86_64-linux-gnu/8/../../../x86_64-linux-gnu/Scrt1.o'
ld: removing unused section '.data' in file '/usr/lib/gcc/x86_64-linux-gnu/8/../../../x86_64-linux-gnu/Scrt1.o'
ld: total time in link: 0.126213
configure:4909: $? = 0
configure:4909: result: yes
configure:4909: checking for gettimeofday
configure:4909: icc -o conftest -g -O2 -fdebug-prefix-map=/home/richard/debs/NONGIT/ncdu/check/ncdu-1.13=. -fstack-protector-strong -Wformat -Werror=format-security -march=native -pipe -Wdate-time -D_FORTIFY_SOURCE=2 -Wl,-z,relro -Wl,--as-needed,--gc-sections,--print-gc-sections,--print-memory-usage,--stats conftest.c  >&5
Memory region         Used Size  Region Size  %age Used
ld: removing unused section '.rodata.cst4' in file '/usr/lib/gcc/x86_64-linux-gnu/8/../../../x86_64-linux-gnu/Scrt1.o'
ld: removing unused section '.data' in file '/usr/lib/gcc/x86_64-linux-gnu/8/../../../x86_64-linux-gnu/Scrt1.o'
ld: total time in link: 0.129248
configure:4909: $? = 0
configure:4909: result: yes
configure:4909: checking for fnmatch
configure:4909: icc -o conftest -g -O2 -fdebug-prefix-map=/home/richard/debs/NONGIT/ncdu/check/ncdu-1.13=. -fstack-protector-strong -Wformat -Werror=format-security -march=native -pipe -Wdate-time -D_FORTIFY_SOURCE=2 -Wl,-z,relro -Wl,--as-needed,--gc-sections,--print-gc-sections,--print-memory-usage,--stats conftest.c  >&5
Memory region         Used Size  Region Size  %age Used
ld: removing unused section '.rodata.cst4' in file '/usr/lib/gcc/x86_64-linux-gnu/8/../../../x86_64-linux-gnu/Scrt1.o'
ld: removing unused section '.data' in file '/usr/lib/gcc/x86_64-linux-gnu/8/../../../x86_64-linux-gnu/Scrt1.o'
ld: total time in link: 0.130858
configure:4909: $? = 0
configure:4909: result: yes
configure:4909: checking for chdir
configure:4909: icc -o conftest -g -O2 -fdebug-prefix-map=/home/richard/debs/NONGIT/ncdu/check/ncdu-1.13=. -fstack-protector-strong -Wformat -Werror=format-security -march=native -pipe -Wdate-time -D_FORTIFY_SOURCE=2 -Wl,-z,relro -Wl,--as-needed,--gc-sections,--print-gc-sections,--print-memory-usage,--stats conftest.c  >&5
Memory region         Used Size  Region Size  %age Used
ld: removing unused section '.rodata.cst4' in file '/usr/lib/gcc/x86_64-linux-gnu/8/../../../x86_64-linux-gnu/Scrt1.o'
ld: removing unused section '.data' in file '/usr/lib/gcc/x86_64-linux-gnu/8/../../../x86_64-linux-gnu/Scrt1.o'
ld: total time in link: 0.131205
configure:4909: $? = 0
configure:4909: result: yes
configure:4909: checking for rmdir
configure:4909: icc -o conftest -g -O2 -fdebug-prefix-map=/home/richard/debs/NONGIT/ncdu/check/ncdu-1.13=. -fstack-protector-strong -Wformat -Werror=format-security -march=native -pipe -Wdate-time -D_FORTIFY_SOURCE=2 -Wl,-z,relro -Wl,--as-needed,--gc-sections,--print-gc-sections,--print-memory-usage,--stats conftest.c  >&5
Memory region         Used Size  Region Size  %age Used
ld: removing unused section '.rodata.cst4' in file '/usr/lib/gcc/x86_64-linux-gnu/8/../../../x86_64-linux-gnu/Scrt1.o'
ld: removing unused section '.data' in file '/usr/lib/gcc/x86_64-linux-gnu/8/../../../x86_64-linux-gnu/Scrt1.o'
ld: total time in link: 0.129731
configure:4909: $? = 0
configure:4909: result: yes
configure:4909: checking for unlink
configure:4909: icc -o conftest -g -O2 -fdebug-prefix-map=/home/richard/debs/NONGIT/ncdu/check/ncdu-1.13=. -fstack-protector-strong -Wformat -Werror=format-security -march=native -pipe -Wdate-time -D_FORTIFY_SOURCE=2 -Wl,-z,relro -Wl,--as-needed,--gc-sections,--print-gc-sections,--print-memory-usage,--stats conftest.c  >&5
Memory region         Used Size  Region Size  %age Used
ld: removing unused section '.rodata.cst4' in file '/usr/lib/gcc/x86_64-linux-gnu/8/../../../x86_64-linux-gnu/Scrt1.o'
ld: removing unused section '.data' in file '/usr/lib/gcc/x86_64-linux-gnu/8/../../../x86_64-linux-gnu/Scrt1.o'
ld: total time in link: 0.132012
configure:4909: $? = 0
configure:4909: result: yes
configure:4909: checking for lstat
configure:4909: icc -o conftest -g -O2 -fdebug-prefix-map=/home/richard/debs/NONGIT/ncdu/check/ncdu-1.13=. -fstack-protector-strong -Wformat -Werror=format-security -march=native -pipe -Wdate-time -D_FORTIFY_SOURCE=2 -Wl,-z,relro -Wl,--as-needed,--gc-sections,--print-gc-sections,--print-memory-usage,--stats conftest.c  >&5
Memory region         Used Size  Region Size  %age Used
ld: removing unused section '.rodata.cst4' in file '/usr/lib/gcc/x86_64-linux-gnu/8/../../../x86_64-linux-gnu/Scrt1.o'
ld: removing unused section '.data' in file '/usr/lib/gcc/x86_64-linux-gnu/8/../../../x86_64-linux-gnu/Scrt1.o'
ld: total time in link: 0.131824
configure:4909: $? = 0
configure:4909: result: yes
configure:4909: checking for system
configure:4909: icc -o conftest -g -O2 -fdebug-prefix-map=/home/richard/debs/NONGIT/ncdu/check/ncdu-1.13=. -fstack-protector-strong -Wformat -Werror=format-security -march=native -pipe -Wdate-time -D_FORTIFY_SOURCE=2 -Wl,-z,relro -Wl,--as-needed,--gc-sections,--print-gc-sections,--print-memory-usage,--stats conftest.c  >&5
Memory region         Used Size  Region Size  %age Used
ld: removing unused section '.rodata.cst4' in file '/usr/lib/gcc/x86_64-linux-gnu/8/../../../x86_64-linux-gnu/Scrt1.o'
ld: removing unused section '.data' in file '/usr/lib/gcc/x86_64-linux-gnu/8/../../../x86_64-linux-gnu/Scrt1.o'
ld: total time in link: 0.126923
configure:4909: $? = 0
configure:4909: result: yes
configure:4909: checking for getenv
configure:4909: icc -o conftest -g -O2 -fdebug-prefix-map=/home/richard/debs/NONGIT/ncdu/check/ncdu-1.13=. -fstack-protector-strong -Wformat -Werror=format-security -march=native -pipe -Wdate-time -D_FORTIFY_SOURCE=2 -Wl,-z,relro -Wl,--as-needed,--gc-sections,--print-gc-sections,--print-memory-usage,--stats conftest.c  >&5
Memory region         Used Size  Region Size  %age Used
ld: removing unused section '.rodata.cst4' in file '/usr/lib/gcc/x86_64-linux-gnu/8/../../../x86_64-linux-gnu/Scrt1.o'
ld: removing unused section '.data' in file '/usr/lib/gcc/x86_64-linux-gnu/8/../../../x86_64-linux-gnu/Scrt1.o'
ld: total time in link: 0.126278
configure:4909: $? = 0
configure:4909: result: yes
configure:4940: checking for ncursesw
configure:4947: $PKG_CONFIG --exists --print-errors "ncursesw"
configure:4950: $? = 0
configure:4964: $PKG_CONFIG --exists --print-errors "ncursesw"
configure:4967: $? = 0
configure:5089: result: yes
configure:5261: Using /bin/sh as the default shell if $SHELL is not set
configure:5381: checking that generated files are newer than configure
configure:5387: result: done
configure:5410: creating ./config.status

## ---------------------- ##
## Running config.status. ##
## ---------------------- ##

This file was extended by ncdu config.status 1.13, which was
generated by GNU Autoconf 2.69.  Invocation command line was

  CONFIG_FILES    = 
  CONFIG_HEADERS  = 
  CONFIG_LINKS    = 
  CONFIG_COMMANDS = 
  $ ./config.status 

on server

config.status:880: creating Makefile
config.status:880: creating config.h
config.status:1109: executing depfiles commands
configure:6722: WARNING: unrecognized options: --disable-maintainer-mode

## ---------------- ##
## Cache variables. ##
## ---------------- ##

ac_cv_c_compiler_gnu=yes
ac_cv_c_int64_t=yes
ac_cv_c_uint64_t=yes
ac_cv_env_CC_set=set
ac_cv_env_CC_value=icc
ac_cv_env_CFLAGS_set=set
ac_cv_env_CFLAGS_value='-g -O2 -fdebug-prefix-map=/home/richard/debs/NONGIT/ncdu/check/ncdu-1.13=. -fstack-protector-strong -Wformat -Werror=format-security -march=native -pipe'
ac_cv_env_CPPFLAGS_set=set
ac_cv_env_CPPFLAGS_value='-Wdate-time -D_FORTIFY_SOURCE=2'
ac_cv_env_CPP_set=
ac_cv_env_CPP_value=
ac_cv_env_LDFLAGS_set=set
ac_cv_env_LDFLAGS_value='-Wl,-z,relro -Wl,--as-needed,--gc-sections,--print-gc-sections,--print-memory-usage,--stats'
ac_cv_env_LIBS_set=
ac_cv_env_LIBS_value=
ac_cv_env_NCURSES_CFLAGS_set=
ac_cv_env_NCURSES_CFLAGS_value=
ac_cv_env_NCURSES_LIBS_set=
ac_cv_env_NCURSES_LIBS_value=
ac_cv_env_PKG_CONFIG_LIBDIR_set=
ac_cv_env_PKG_CONFIG_LIBDIR_value=
ac_cv_env_PKG_CONFIG_PATH_set=set
ac_cv_env_PKG_CONFIG_PATH_value=/opt/intel/vtune_amplifier/include/pkgconfig/lib64:
ac_cv_env_PKG_CONFIG_set=
ac_cv_env_PKG_CONFIG_value=
ac_cv_env_build_alias_set=set
ac_cv_env_build_alias_value=x86_64-linux-gnu
ac_cv_env_host_alias_set=
ac_cv_env_host_alias_value=
ac_cv_env_target_alias_set=
ac_cv_env_target_alias_value=
ac_cv_func_chdir=yes
ac_cv_func_fnmatch=yes
ac_cv_func_getcwd=yes
ac_cv_func_getenv=yes
ac_cv_func_gettimeofday=yes
ac_cv_func_lstat=yes
ac_cv_func_rmdir=yes
ac_cv_func_system=yes
ac_cv_func_unlink=yes
ac_cv_header_dirent_h=yes
ac_cv_header_fnmatch_h=yes
ac_cv_header_inttypes_h=yes
ac_cv_header_limits_h=yes
ac_cv_header_locale_h=yes
ac_cv_header_memory_h=yes
ac_cv_header_ncurses_h=yes
ac_cv_header_stdc=yes
ac_cv_header_stdint_h=yes
ac_cv_header_stdlib_h=yes
ac_cv_header_string_h=yes
ac_cv_header_strings_h=yes
ac_cv_header_sys_stat_h=yes
ac_cv_header_sys_time_h=yes
ac_cv_header_sys_types_h=yes
ac_cv_header_unistd_h=yes
ac_cv_member_struct_stat_st_blocks=yes
ac_cv_objext=o
ac_cv_path_EGREP='/bin/grep -E'
ac_cv_path_GREP=/bin/grep
ac_cv_path_ac_pt_PKG_CONFIG=/usr/bin/pkg-config
ac_cv_path_install='/usr/bin/install -c'
ac_cv_path_mkdir=/bin/mkdir
ac_cv_prog_AWK=mawk
ac_cv_prog_CPP='icc -E'
ac_cv_prog_ac_ct_CC=icc
ac_cv_prog_ac_ct_RANLIB=ranlib
ac_cv_prog_cc_c89=
ac_cv_prog_cc_g=yes
ac_cv_prog_make_make_set=yes
ac_cv_sys_file_offset_bits=no
ac_cv_sys_largefile_CC=no
am_cv_CC_dependencies_compiler_type=none
am_cv_make_support_nested_variables=yes
am_cv_prog_cc_c_o=yes
pkg_cv_NCURSES_CFLAGS='-D_DEFAULT_SOURCE -D_XOPEN_SOURCE=600'
pkg_cv_NCURSES_LIBS='-lncursesw -ltinfo'

## ----------------- ##
## Output variables. ##
## ----------------- ##

ACLOCAL='${SHELL} /home/richard/debs/NONGIT/ncdu/check/ncdu-1.13/missing aclocal-1.15'
AMDEPBACKSLASH=''
AMDEP_FALSE=''
AMDEP_TRUE='#'
AMTAR='$${TAR-tar}'
AM_BACKSLASH='\'
AM_DEFAULT_V='$(AM_DEFAULT_VERBOSITY)'
AM_DEFAULT_VERBOSITY='1'
AM_V='$(V)'
AUTOCONF='${SHELL} /home/richard/debs/NONGIT/ncdu/check/ncdu-1.13/missing autoconf'
AUTOHEADER='${SHELL} /home/richard/debs/NONGIT/ncdu/check/ncdu-1.13/missing autoheader'
AUTOMAKE='${SHELL} /home/richard/debs/NONGIT/ncdu/check/ncdu-1.13/missing automake-1.15'
AWK='mawk'
CC='icc'
CCDEPMODE='depmode=none'
CFLAGS='-g -O2 -fdebug-prefix-map=/home/richard/debs/NONGIT/ncdu/check/ncdu-1.13=. -fstack-protector-strong -Wformat -Werror=format-security -march=native -pipe'
CPP='icc -E'
CPPFLAGS='-Wdate-time -D_FORTIFY_SOURCE=2'
CYGPATH_W='echo'
DEFS='-DHAVE_CONFIG_H'
DEPDIR='.deps'
ECHO_C=''
ECHO_N='-n'
ECHO_T=''
EGREP='/bin/grep -E'
EXEEXT=''
GREP='/bin/grep'
INSTALL_DATA='${INSTALL} -m 644'
INSTALL_PROGRAM='${INSTALL}'
INSTALL_SCRIPT='${INSTALL}'
INSTALL_STRIP_PROGRAM='$(install_sh) -c -s'
LDFLAGS='-Wl,-z,relro -Wl,--as-needed,--gc-sections,--print-gc-sections,--print-memory-usage,--stats'
LIBOBJS=''
LIBS=' -lncursesw -ltinfo'
LTLIBOBJS=''
MAKEINFO='${SHELL} /home/richard/debs/NONGIT/ncdu/check/ncdu-1.13/missing makeinfo'
MKDIR_P='/bin/mkdir -p'
NCURSES_CFLAGS='-D_DEFAULT_SOURCE -D_XOPEN_SOURCE=600'
NCURSES_LIBS='-lncursesw -ltinfo'
OBJEXT='o'
PACKAGE='ncdu'
PACKAGE_BUGREPORT='projects@yorhel.nl'
PACKAGE_NAME='ncdu'
PACKAGE_STRING='ncdu 1.13'
PACKAGE_TARNAME='ncdu'
PACKAGE_URL=''
PACKAGE_VERSION='1.13'
PATH_SEPARATOR=':'
PKG_CONFIG='/usr/bin/pkg-config'
PKG_CONFIG_LIBDIR=''
PKG_CONFIG_PATH='/opt/intel/vtune_amplifier/include/pkgconfig/lib64:'
RANLIB='ranlib'
SET_MAKE=''
SHELL='/bin/bash'
STRIP=''
VERSION='1.13'
ac_ct_CC='icc'
am__EXEEXT_FALSE=''
am__EXEEXT_TRUE='#'
am__fastdepCC_FALSE=''
am__fastdepCC_TRUE='#'
am__include='include'
am__isrc=''
am__leading_dot='.'
am__nodep=''
am__quote=''
am__tar='$${TAR-tar} chof - "$$tardir"'
am__untar='$${TAR-tar} xf -'
bindir='${exec_prefix}/bin'
build_alias='x86_64-linux-gnu'
datadir='${datarootdir}'
datarootdir='${prefix}/share'
docdir='${datarootdir}/doc/${PACKAGE_TARNAME}'
dvidir='${docdir}'
exec_prefix='${prefix}'
host_alias=''
htmldir='${docdir}'
includedir='${prefix}/include'
infodir='${prefix}/share/info'
install_sh='${SHELL} /home/richard/debs/NONGIT/ncdu/check/ncdu-1.13/install-sh'
libdir='${prefix}/lib/x86_64-linux-gnu'
libexecdir='${prefix}/lib/x86_64-linux-gnu'
localedir='${datarootdir}/locale'
localstatedir='/var'
mandir='${prefix}/share/man'
mkdir_p='$(MKDIR_P)'
oldincludedir='/usr/include'
pdfdir='${docdir}'
prefix='/usr'
program_transform_name='s,x,x,'
psdir='${docdir}'
sbindir='${exec_prefix}/sbin'
sharedstatedir='${prefix}/com'
sysconfdir='/etc'
target_alias=''

## ----------- ##
## confdefs.h. ##
## ----------- ##

/* confdefs.h */
#define PACKAGE_NAME "ncdu"
#define PACKAGE_TARNAME "ncdu"
#define PACKAGE_VERSION "1.13"
#define PACKAGE_STRING "ncdu 1.13"
#define PACKAGE_BUGREPORT "projects@yorhel.nl"
#define PACKAGE_URL ""
#define PACKAGE "ncdu"
#define VERSION "1.13"
#define STDC_HEADERS 1
#define HAVE_SYS_TYPES_H 1
#define HAVE_SYS_STAT_H 1
#define HAVE_STDLIB_H 1
#define HAVE_STRING_H 1
#define HAVE_MEMORY_H 1
#define HAVE_STRINGS_H 1
#define HAVE_INTTYPES_H 1
#define HAVE_STDINT_H 1
#define HAVE_UNISTD_H 1
#define HAVE_LIMITS_H 1
#define HAVE_SYS_TIME_H 1
#define HAVE_SYS_TYPES_H 1
#define HAVE_SYS_STAT_H 1
#define HAVE_DIRENT_H 1
#define HAVE_UNISTD_H 1
#define HAVE_FNMATCH_H 1
#define HAVE_NCURSES_H 1
#define HAVE_LOCALE_H 1
#define HAVE_STRUCT_STAT_ST_BLOCKS 1
#define HAVE_ST_BLOCKS 1
#define HAVE_GETCWD 1
#define HAVE_GETTIMEOFDAY 1
#define HAVE_FNMATCH 1
#define HAVE_CHDIR 1
#define HAVE_RMDIR 1
#define HAVE_UNLINK 1
#define HAVE_LSTAT 1
#define HAVE_SYSTEM 1
#define HAVE_GETENV 1
#define DEFAULT_SHELL "/bin/sh"

configure: exit 0
